Conda uses environments to load different sets of Python packages
type conda env list to see the environments availible.

+-------------------------------------------------------+
Initializing TSN with 
               base model:  BNInception
Configurations:  
           input_modality:  RGB
             num_segments:  3
               new_length:  1
         consensus_module:  TRN
            dropout_ratio:  0.8
feature_dim(for fc_layer):  1024
 img_feature_dim（[M]TRN):  256
          before_softmax:  True
+-------------------------------------------------------+
            
we have 1 GPUs found
  
+-------------------------------------------------------+
               num_class : 8
                modality : RGB
              base_model : BNInception
              new_length : 1
          consensus_type : TRN
         img_feature_dim : 256

                  resume : model/TRN_epic_test_RGB_BNInception_TRN_segment3_best.pth.tar
                  epochs : 4
             start_epoch : 0
                      lr : 0.001
               loss_type : nll
            weight_decay : 0.0005
                lr_steps : [30, 60]
                momentum : 0.9
              partial_bn : False
           clip_gradient : 20
                 dropout : 0.8

              batch_size : 8
                 workers : 2
                    gpus : None
               eval_freq : 1
              print_freq : 1
+-------------------------------------------------------+
construct a network named : TRN_epic_test_RGB_BNInception_TRN_segment3
=> loading checkpoint 'model/TRN_epic_test_RGB_BNInception_TRN_segment3_best.pth.tar'
=> loaded checkpoint 'model/TRN_epic_test_RGB_BNInception_TRN_segment3_best.pth.tar' (epoch 2) (epochs=4)
******************** TSN parameters:
<class 'torch.nn.parallel.data_parallel.DataParallel'> has no len() mothod
--------------------  230 module types:
0                      TSN(
  (base_model): BNInception(
    (conv1_7x7_s2): Conv2d(3, 64, kernel_size=(7, 7), stride=(2, 2), padding=(3, 3))
    (conv1_7x7_s2_bn): BatchNorm2d(64, eps=1e-05, momentum=0.1, affine=True, track_running_stats=True)
    (conv1_relu_7x7): ReLU(inplace=True)
    (pool1_3x3_s2): MaxPool2d(kernel_size=3, stride=2, padding=0, dilation=1, ceil_mode=True)
    (conv2_3x3_reduce): Conv2d(64, 64, kernel_size=(1, 1), stride=(1, 1))
    (conv2_3x3_reduce_bn): BatchNorm2d(64, eps=1e-05, momentum=0.1, affine=True, track_running_stats=True)
    (conv2_relu_3x3_reduce): ReLU(inplace=True)
    (conv2_3x3): Conv2d(64, 192, kernel_size=(3, 3), stride=(1, 1), padding=(1, 1))
    (conv2_3x3_bn): BatchNorm2d(192, eps=1e-05, momentum=0.1, affine=True, track_running_stats=True)
    (conv2_relu_3x3): ReLU(inplace=True)
    (pool2_3x3_s2): MaxPool2d(kernel_size=3, stride=2, padding=0, dilation=1, ceil_mode=True)
    (inception_3a_1x1): Conv2d(192, 64, kernel_size=(1, 1), stride=(1, 1))
    (inception_3a_1x1_bn): BatchNorm2d(64, eps=1e-05, momentum=0.1, affine=True, track_running_stats=True)
    (inception_3a_relu_1x1): ReLU(inplace=True)
    (inception_3a_3x3_reduce): Conv2d(192, 64, kernel_size=(1, 1), stride=(1, 1))
    (inception_3a_3x3_reduce_bn): BatchNorm2d(64, eps=1e-05, momentum=0.1, affine=True, track_running_stats=True)
    (inception_3a_relu_3x3_reduce): ReLU(inplace=True)
    (inception_3a_3x3): Conv2d(64, 64, kernel_size=(3, 3), stride=(1, 1), padding=(1, 1))
    (inception_3a_3x3_bn): BatchNorm2d(64, eps=1e-05, momentum=0.1, affine=True, track_running_stats=True)
    (inception_3a_relu_3x3): ReLU(inplace=True)
    (inception_3a_double_3x3_reduce): Conv2d(192, 64, kernel_size=(1, 1), stride=(1, 1))
    (inception_3a_double_3x3_reduce_bn): BatchNorm2d(64, eps=1e-05, momentum=0.1, affine=True, track_running_stats=True)
    (inception_3a_relu_double_3x3_reduce): ReLU(inplace=True)
    (inception_3a_double_3x3_1): Conv2d(64, 96, kernel_size=(3, 3), stride=(1, 1), padding=(1, 1))
    (inception_3a_double_3x3_1_bn): BatchNorm2d(96, eps=1e-05, momentum=0.1, affine=True, track_running_stats=True)
    (inception_3a_relu_double_3x3_1): ReLU(inplace=True)
    (inception_3a_double_3x3_2): Conv2d(96, 96, kernel_size=(3, 3), stride=(1, 1), padding=(1, 1))
    (inception_3a_double_3x3_2_bn): BatchNorm2d(96, eps=1e-05, momentum=0.1, affine=True, track_running_stats=True)
    (inception_3a_relu_double_3x3_2): ReLU(inplace=True)
    (inception_3a_pool): AvgPool2d(kernel_size=3, stride=1, padding=1)
    (inception_3a_pool_proj): Conv2d(192, 32, kernel_size=(1, 1), stride=(1, 1))
    (inception_3a_pool_proj_bn): BatchNorm2d(32, eps=1e-05, momentum=0.1, affine=True, track_running_stats=True)
    (inception_3a_relu_pool_proj): ReLU(inplace=True)
    (inception_3b_1x1): Conv2d(256, 64, kernel_size=(1, 1), stride=(1, 1))
    (inception_3b_1x1_bn): BatchNorm2d(64, eps=1e-05, momentum=0.1, affine=True, track_running_stats=True)
    (inception_3b_relu_1x1): ReLU(inplace=True)
    (inception_3b_3x3_reduce): Conv2d(256, 64, kernel_size=(1, 1), stride=(1, 1))
    (inception_3b_3x3_reduce_bn): BatchNorm2d(64, eps=1e-05, momentum=0.1, affine=True, track_running_stats=True)
    (inception_3b_relu_3x3_reduce): ReLU(inplace=True)
    (inception_3b_3x3): Conv2d(64, 96, kernel_size=(3, 3), stride=(1, 1), padding=(1, 1))
    (inception_3b_3x3_bn): BatchNorm2d(96, eps=1e-05, momentum=0.1, affine=True, track_running_stats=True)
    (inception_3b_relu_3x3): ReLU(inplace=True)
    (inception_3b_double_3x3_reduce): Conv2d(256, 64, kernel_size=(1, 1), stride=(1, 1))
    (inception_3b_double_3x3_reduce_bn): BatchNorm2d(64, eps=1e-05, momentum=0.1, affine=True, track_running_stats=True)
    (inception_3b_relu_double_3x3_reduce): ReLU(inplace=True)
    (inception_3b_double_3x3_1): Conv2d(64, 96, kernel_size=(3, 3), stride=(1, 1), padding=(1, 1))
    (inception_3b_double_3x3_1_bn): BatchNorm2d(96, eps=1e-05, momentum=0.1, affine=True, track_running_stats=True)
    (inception_3b_relu_double_3x3_1): ReLU(inplace=True)
    (inception_3b_double_3x3_2): Conv2d(96, 96, kernel_size=(3, 3), stride=(1, 1), padding=(1, 1))
    (inception_3b_double_3x3_2_bn): BatchNorm2d(96, eps=1e-05, momentum=0.1, affine=True, track_running_stats=True)
    (inception_3b_relu_double_3x3_2): ReLU(inplace=True)
    (inception_3b_pool): AvgPool2d(kernel_size=3, stride=1, padding=1)
    (inception_3b_pool_proj): Conv2d(256, 64, kernel_size=(1, 1), stride=(1, 1))
    (inception_3b_pool_proj_bn): BatchNorm2d(64, eps=1e-05, momentum=0.1, affine=True, track_running_stats=True)
    (inception_3b_relu_pool_proj): ReLU(inplace=True)
    (inception_3c_3x3_reduce): Conv2d(320, 128, kernel_size=(1, 1), stride=(1, 1))
    (inception_3c_3x3_reduce_bn): BatchNorm2d(128, eps=1e-05, momentum=0.1, affine=True, track_running_stats=True)
    (inception_3c_relu_3x3_reduce): ReLU(inplace=True)
    (inception_3c_3x3): Conv2d(128, 160, kernel_size=(3, 3), stride=(2, 2), padding=(1, 1))
    (inception_3c_3x3_bn): BatchNorm2d(160, eps=1e-05, momentum=0.1, affine=True, track_running_stats=True)
    (inception_3c_relu_3x3): ReLU(inplace=True)
    (inception_3c_double_3x3_reduce): Conv2d(320, 64, kernel_size=(1, 1), stride=(1, 1))
    (inception_3c_double_3x3_reduce_bn): BatchNorm2d(64, eps=1e-05, momentum=0.1, affine=True, track_running_stats=True)
    (inception_3c_relu_double_3x3_reduce): ReLU(inplace=True)
    (inception_3c_double_3x3_1): Conv2d(64, 96, kernel_size=(3, 3), stride=(1, 1), padding=(1, 1))
    (inception_3c_double_3x3_1_bn): BatchNorm2d(96, eps=1e-05, momentum=0.1, affine=True, track_running_stats=True)
    (inception_3c_relu_double_3x3_1): ReLU(inplace=True)
    (inception_3c_double_3x3_2): Conv2d(96, 96, kernel_size=(3, 3), stride=(2, 2), padding=(1, 1))
    (inception_3c_double_3x3_2_bn): BatchNorm2d(96, eps=1e-05, momentum=0.1, affine=True, track_running_stats=True)
    (inception_3c_relu_double_3x3_2): ReLU(inplace=True)
    (inception_3c_pool): MaxPool2d(kernel_size=3, stride=2, padding=0, dilation=1, ceil_mode=True)
    (inception_4a_1x1): Conv2d(576, 224, kernel_size=(1, 1), stride=(1, 1))
    (inception_4a_1x1_bn): BatchNorm2d(224, eps=1e-05, momentum=0.1, affine=True, track_running_stats=True)
    (inception_4a_relu_1x1): ReLU(inplace=True)
    (inception_4a_3x3_reduce): Conv2d(576, 64, kernel_size=(1, 1), stride=(1, 1))
    (inception_4a_3x3_reduce_bn): BatchNorm2d(64, eps=1e-05, momentum=0.1, affine=True, track_running_stats=True)
    (inception_4a_relu_3x3_reduce): ReLU(inplace=True)
    (inception_4a_3x3): Conv2d(64, 96, kernel_size=(3, 3), stride=(1, 1), padding=(1, 1))
    (inception_4a_3x3_bn): BatchNorm2d(96, eps=1e-05, momentum=0.1, affine=True, track_running_stats=True)
    (inception_4a_relu_3x3): ReLU(inplace=True)
    (inception_4a_double_3x3_reduce): Conv2d(576, 96, kernel_size=(1, 1), stride=(1, 1))
    (inception_4a_double_3x3_reduce_bn): BatchNorm2d(96, eps=1e-05, momentum=0.1, affine=True, track_running_stats=True)
    (inception_4a_relu_double_3x3_reduce): ReLU(inplace=True)
    (inception_4a_double_3x3_1): Conv2d(96, 128, kernel_size=(3, 3), stride=(1, 1), padding=(1, 1))
    (inception_4a_double_3x3_1_bn): BatchNorm2d(128, eps=1e-05, momentum=0.1, affine=True, track_running_stats=True)
    (inception_4a_relu_double_3x3_1): ReLU(inplace=True)
    (inception_4a_double_3x3_2): Conv2d(128, 128, kernel_size=(3, 3), stride=(1, 1), padding=(1, 1))
    (inception_4a_double_3x3_2_bn): BatchNorm2d(128, eps=1e-05, momentum=0.1, affine=True, track_running_stats=True)
    (inception_4a_relu_double_3x3_2): ReLU(inplace=True)
    (inception_4a_pool): AvgPool2d(kernel_size=3, stride=1, padding=1)
    (inception_4a_pool_proj): Conv2d(576, 128, kernel_size=(1, 1), stride=(1, 1))
    (inception_4a_pool_proj_bn): BatchNorm2d(128, eps=1e-05, momentum=0.1, affine=True, track_running_stats=True)
    (inception_4a_relu_pool_proj): ReLU(inplace=True)
    (inception_4b_1x1): Conv2d(576, 192, kernel_size=(1, 1), stride=(1, 1))
    (inception_4b_1x1_bn): BatchNorm2d(192, eps=1e-05, momentum=0.1, affine=True, track_running_stats=True)
    (inception_4b_relu_1x1): ReLU(inplace=True)
    (inception_4b_3x3_reduce): Conv2d(576, 96, kernel_size=(1, 1), stride=(1, 1))
    (inception_4b_3x3_reduce_bn): BatchNorm2d(96, eps=1e-05, momentum=0.1, affine=True, track_running_stats=True)
    (inception_4b_relu_3x3_reduce): ReLU(inplace=True)
    (inception_4b_3x3): Conv2d(96, 128, kernel_size=(3, 3), stride=(1, 1), padding=(1, 1))
    (inception_4b_3x3_bn): BatchNorm2d(128, eps=1e-05, momentum=0.1, affine=True, track_running_stats=True)
    (inception_4b_relu_3x3): ReLU(inplace=True)
    (inception_4b_double_3x3_reduce): Conv2d(576, 96, kernel_size=(1, 1), stride=(1, 1))
    (inception_4b_double_3x3_reduce_bn): BatchNorm2d(96, eps=1e-05, momentum=0.1, affine=True, track_running_stats=True)
    (inception_4b_relu_double_3x3_reduce): ReLU(inplace=True)
    (inception_4b_double_3x3_1): Conv2d(96, 128, kernel_size=(3, 3), stride=(1, 1), padding=(1, 1))
    (inception_4b_double_3x3_1_bn): BatchNorm2d(128, eps=1e-05, momentum=0.1, affine=True, track_running_stats=True)
    (inception_4b_relu_double_3x3_1): ReLU(inplace=True)
    (inception_4b_double_3x3_2): Conv2d(128, 128, kernel_size=(3, 3), stride=(1, 1), padding=(1, 1))
    (inception_4b_double_3x3_2_bn): BatchNorm2d(128, eps=1e-05, momentum=0.1, affine=True, track_running_stats=True)
    (inception_4b_relu_double_3x3_2): ReLU(inplace=True)
    (inception_4b_pool): AvgPool2d(kernel_size=3, stride=1, padding=1)
    (inception_4b_pool_proj): Conv2d(576, 128, kernel_size=(1, 1), stride=(1, 1))
    (inception_4b_pool_proj_bn): BatchNorm2d(128, eps=1e-05, momentum=0.1, affine=True, track_running_stats=True)
    (inception_4b_relu_pool_proj): ReLU(inplace=True)
    (inception_4c_1x1): Conv2d(576, 160, kernel_size=(1, 1), stride=(1, 1))
    (inception_4c_1x1_bn): BatchNorm2d(160, eps=1e-05, momentum=0.1, affine=True, track_running_stats=True)
    (inception_4c_relu_1x1): ReLU(inplace=True)
    (inception_4c_3x3_reduce): Conv2d(576, 128, kernel_size=(1, 1), stride=(1, 1))
    (inception_4c_3x3_reduce_bn): BatchNorm2d(128, eps=1e-05, momentum=0.1, affine=True, track_running_stats=True)
    (inception_4c_relu_3x3_reduce): ReLU(inplace=True)
    (inception_4c_3x3): Conv2d(128, 160, kernel_size=(3, 3), stride=(1, 1), padding=(1, 1))
    (inception_4c_3x3_bn): BatchNorm2d(160, eps=1e-05, momentum=0.1, affine=True, track_running_stats=True)
    (inception_4c_relu_3x3): ReLU(inplace=True)
    (inception_4c_double_3x3_reduce): Conv2d(576, 128, kernel_size=(1, 1), stride=(1, 1))
    (inception_4c_double_3x3_reduce_bn): BatchNorm2d(128, eps=1e-05, momentum=0.1, affine=True, track_running_stats=True)
    (inception_4c_relu_double_3x3_reduce): ReLU(inplace=True)
    (inception_4c_double_3x3_1): Conv2d(128, 160, kernel_size=(3, 3), stride=(1, 1), padding=(1, 1))
    (inception_4c_double_3x3_1_bn): BatchNorm2d(160, eps=1e-05, momentum=0.1, affine=True, track_running_stats=True)
    (inception_4c_relu_double_3x3_1): ReLU(inplace=True)
    (inception_4c_double_3x3_2): Conv2d(160, 160, kernel_size=(3, 3), stride=(1, 1), padding=(1, 1))
    (inception_4c_double_3x3_2_bn): BatchNorm2d(160, eps=1e-05, momentum=0.1, affine=True, track_running_stats=True)
    (inception_4c_relu_double_3x3_2): ReLU(inplace=True)
    (inception_4c_pool): AvgPool2d(kernel_size=3, stride=1, padding=1)
    (inception_4c_pool_proj): Conv2d(576, 128, kernel_size=(1, 1), stride=(1, 1))
    (inception_4c_pool_proj_bn): BatchNorm2d(128, eps=1e-05, momentum=0.1, affine=True, track_running_stats=True)
    (inception_4c_relu_pool_proj): ReLU(inplace=True)
    (inception_4d_1x1): Conv2d(608, 96, kernel_size=(1, 1), stride=(1, 1))
    (inception_4d_1x1_bn): BatchNorm2d(96, eps=1e-05, momentum=0.1, affine=True, track_running_stats=True)
    (inception_4d_relu_1x1): ReLU(inplace=True)
    (inception_4d_3x3_reduce): Conv2d(608, 128, kernel_size=(1, 1), stride=(1, 1))
    (inception_4d_3x3_reduce_bn): BatchNorm2d(128, eps=1e-05, momentum=0.1, affine=True, track_running_stats=True)
    (inception_4d_relu_3x3_reduce): ReLU(inplace=True)
    (inception_4d_3x3): Conv2d(128, 192, kernel_size=(3, 3), stride=(1, 1), padding=(1, 1))
    (inception_4d_3x3_bn): BatchNorm2d(192, eps=1e-05, momentum=0.1, affine=True, track_running_stats=True)
    (inception_4d_relu_3x3): ReLU(inplace=True)
    (inception_4d_double_3x3_reduce): Conv2d(608, 160, kernel_size=(1, 1), stride=(1, 1))
    (inception_4d_double_3x3_reduce_bn): BatchNorm2d(160, eps=1e-05, momentum=0.1, affine=True, track_running_stats=True)
    (inception_4d_relu_double_3x3_reduce): ReLU(inplace=True)
    (inception_4d_double_3x3_1): Conv2d(160, 192, kernel_size=(3, 3), stride=(1, 1), padding=(1, 1))
    (inception_4d_double_3x3_1_bn): BatchNorm2d(192, eps=1e-05, momentum=0.1, affine=True, track_running_stats=True)
    (inception_4d_relu_double_3x3_1): ReLU(inplace=True)
    (inception_4d_double_3x3_2): Conv2d(192, 192, kernel_size=(3, 3), stride=(1, 1), padding=(1, 1))
    (inception_4d_double_3x3_2_bn): BatchNorm2d(192, eps=1e-05, momentum=0.1, affine=True, track_running_stats=True)
    (inception_4d_relu_double_3x3_2): ReLU(inplace=True)
    (inception_4d_pool): AvgPool2d(kernel_size=3, stride=1, padding=1)
    (inception_4d_pool_proj): Conv2d(608, 128, kernel_size=(1, 1), stride=(1, 1))
    (inception_4d_pool_proj_bn): BatchNorm2d(128, eps=1e-05, momentum=0.1, affine=True, track_running_stats=True)
    (inception_4d_relu_pool_proj): ReLU(inplace=True)
    (inception_4e_3x3_reduce): Conv2d(608, 128, kernel_size=(1, 1), stride=(1, 1))
    (inception_4e_3x3_reduce_bn): BatchNorm2d(128, eps=1e-05, momentum=0.1, affine=True, track_running_stats=True)
    (inception_4e_relu_3x3_reduce): ReLU(inplace=True)
    (inception_4e_3x3): Conv2d(128, 192, kernel_size=(3, 3), stride=(2, 2), padding=(1, 1))
    (inception_4e_3x3_bn): BatchNorm2d(192, eps=1e-05, momentum=0.1, affine=True, track_running_stats=True)
    (inception_4e_relu_3x3): ReLU(inplace=True)
    (inception_4e_double_3x3_reduce): Conv2d(608, 192, kernel_size=(1, 1), stride=(1, 1))
    (inception_4e_double_3x3_reduce_bn): BatchNorm2d(192, eps=1e-05, momentum=0.1, affine=True, track_running_stats=True)
    (inception_4e_relu_double_3x3_reduce): ReLU(inplace=True)
    (inception_4e_double_3x3_1): Conv2d(192, 256, kernel_size=(3, 3), stride=(1, 1), padding=(1, 1))
    (inception_4e_double_3x3_1_bn): BatchNorm2d(256, eps=1e-05, momentum=0.1, affine=True, track_running_stats=True)
    (inception_4e_relu_double_3x3_1): ReLU(inplace=True)
    (inception_4e_double_3x3_2): Conv2d(256, 256, kernel_size=(3, 3), stride=(2, 2), padding=(1, 1))
    (inception_4e_double_3x3_2_bn): BatchNorm2d(256, eps=1e-05, momentum=0.1, affine=True, track_running_stats=True)
    (inception_4e_relu_double_3x3_2): ReLU(inplace=True)
    (inception_4e_pool): MaxPool2d(kernel_size=3, stride=2, padding=0, dilation=1, ceil_mode=True)
    (inception_5a_1x1): Conv2d(1056, 352, kernel_size=(1, 1), stride=(1, 1))
    (inception_5a_1x1_bn): BatchNorm2d(352, eps=1e-05, momentum=0.1, affine=True, track_running_stats=True)
    (inception_5a_relu_1x1): ReLU(inplace=True)
    (inception_5a_3x3_reduce): Conv2d(1056, 192, kernel_size=(1, 1), stride=(1, 1))
    (inception_5a_3x3_reduce_bn): BatchNorm2d(192, eps=1e-05, momentum=0.1, affine=True, track_running_stats=True)
    (inception_5a_relu_3x3_reduce): ReLU(inplace=True)
    (inception_5a_3x3): Conv2d(192, 320, kernel_size=(3, 3), stride=(1, 1), padding=(1, 1))
    (inception_5a_3x3_bn): BatchNorm2d(320, eps=1e-05, momentum=0.1, affine=True, track_running_stats=True)
    (inception_5a_relu_3x3): ReLU(inplace=True)
    (inception_5a_double_3x3_reduce): Conv2d(1056, 160, kernel_size=(1, 1), stride=(1, 1))
    (inception_5a_double_3x3_reduce_bn): BatchNorm2d(160, eps=1e-05, momentum=0.1, affine=True, track_running_stats=True)
    (inception_5a_relu_double_3x3_reduce): ReLU(inplace=True)
    (inception_5a_double_3x3_1): Conv2d(160, 224, kernel_size=(3, 3), stride=(1, 1), padding=(1, 1))
    (inception_5a_double_3x3_1_bn): BatchNorm2d(224, eps=1e-05, momentum=0.1, affine=True, track_running_stats=True)
    (inception_5a_relu_double_3x3_1): ReLU(inplace=True)
    (inception_5a_double_3x3_2): Conv2d(224, 224, kernel_size=(3, 3), stride=(1, 1), padding=(1, 1))
    (inception_5a_double_3x3_2_bn): BatchNorm2d(224, eps=1e-05, momentum=0.1, affine=True, track_running_stats=True)
    (inception_5a_relu_double_3x3_2): ReLU(inplace=True)
    (inception_5a_pool): AvgPool2d(kernel_size=3, stride=1, padding=1)
    (inception_5a_pool_proj): Conv2d(1056, 128, kernel_size=(1, 1), stride=(1, 1))
    (inception_5a_pool_proj_bn): BatchNorm2d(128, eps=1e-05, momentum=0.1, affine=True, track_running_stats=True)
    (inception_5a_relu_pool_proj): ReLU(inplace=True)
    (inception_5b_1x1): Conv2d(1024, 352, kernel_size=(1, 1), stride=(1, 1))
    (inception_5b_1x1_bn): BatchNorm2d(352, eps=1e-05, momentum=0.1, affine=True, track_running_stats=True)
    (inception_5b_relu_1x1): ReLU(inplace=True)
    (inception_5b_3x3_reduce): Conv2d(1024, 192, kernel_size=(1, 1), stride=(1, 1))
    (inception_5b_3x3_reduce_bn): BatchNorm2d(192, eps=1e-05, momentum=0.1, affine=True, track_running_stats=True)
    (inception_5b_relu_3x3_reduce): ReLU(inplace=True)
    (inception_5b_3x3): Conv2d(192, 320, kernel_size=(3, 3), stride=(1, 1), padding=(1, 1))
    (inception_5b_3x3_bn): BatchNorm2d(320, eps=1e-05, momentum=0.1, affine=True, track_running_stats=True)
    (inception_5b_relu_3x3): ReLU(inplace=True)
    (inception_5b_double_3x3_reduce): Conv2d(1024, 192, kernel_size=(1, 1), stride=(1, 1))
    (inception_5b_double_3x3_reduce_bn): BatchNorm2d(192, eps=1e-05, momentum=0.1, affine=True, track_running_stats=True)
    (inception_5b_relu_double_3x3_reduce): ReLU(inplace=True)
    (inception_5b_double_3x3_1): Conv2d(192, 224, kernel_size=(3, 3), stride=(1, 1), padding=(1, 1))
    (inception_5b_double_3x3_1_bn): BatchNorm2d(224, eps=1e-05, momentum=0.1, affine=True, track_running_stats=True)
    (inception_5b_relu_double_3x3_1): ReLU(inplace=True)
    (inception_5b_double_3x3_2): Conv2d(224, 224, kernel_size=(3, 3), stride=(1, 1), padding=(1, 1))
    (inception_5b_double_3x3_2_bn): BatchNorm2d(224, eps=1e-05, momentum=0.1, affine=True, track_running_stats=True)
    (inception_5b_relu_double_3x3_2): ReLU(inplace=True)
    (inception_5b_pool): MaxPool2d(kernel_size=3, stride=1, padding=1, dilation=1, ceil_mode=True)
    (inception_5b_pool_proj): Conv2d(1024, 128, kernel_size=(1, 1), stride=(1, 1))
    (inception_5b_pool_proj_bn): BatchNorm2d(128, eps=1e-05, momentum=0.1, affine=True, track_running_stats=True)
    (inception_5b_relu_pool_proj): ReLU(inplace=True)
    (global_pool): AvgPool2d(kernel_size=7, stride=1, padding=0)
    (fc): Dropout(p=0.8, inplace=False)
  )
  (new_fc): Linear(in_features=1024, out_features=256, bias=True)
  (consensus): RelationModule(
    (classifier): Sequential(
      (0): ReLU()
      (1): Linear(in_features=768, out_features=512, bias=True)
      (2): ReLU()
      (3): Linear(in_features=512, out_features=8, bias=True)
    )
  )
)
1                      BNInception(
  (conv1_7x7_s2): Conv2d(3, 64, kernel_size=(7, 7), stride=(2, 2), padding=(3, 3))
  (conv1_7x7_s2_bn): BatchNorm2d(64, eps=1e-05, momentum=0.1, affine=True, track_running_stats=True)
  (conv1_relu_7x7): ReLU(inplace=True)
  (pool1_3x3_s2): MaxPool2d(kernel_size=3, stride=2, padding=0, dilation=1, ceil_mode=True)
  (conv2_3x3_reduce): Conv2d(64, 64, kernel_size=(1, 1), stride=(1, 1))
  (conv2_3x3_reduce_bn): BatchNorm2d(64, eps=1e-05, momentum=0.1, affine=True, track_running_stats=True)
  (conv2_relu_3x3_reduce): ReLU(inplace=True)
  (conv2_3x3): Conv2d(64, 192, kernel_size=(3, 3), stride=(1, 1), padding=(1, 1))
  (conv2_3x3_bn): BatchNorm2d(192, eps=1e-05, momentum=0.1, affine=True, track_running_stats=True)
  (conv2_relu_3x3): ReLU(inplace=True)
  (pool2_3x3_s2): MaxPool2d(kernel_size=3, stride=2, padding=0, dilation=1, ceil_mode=True)
  (inception_3a_1x1): Conv2d(192, 64, kernel_size=(1, 1), stride=(1, 1))
  (inception_3a_1x1_bn): BatchNorm2d(64, eps=1e-05, momentum=0.1, affine=True, track_running_stats=True)
  (inception_3a_relu_1x1): ReLU(inplace=True)
  (inception_3a_3x3_reduce): Conv2d(192, 64, kernel_size=(1, 1), stride=(1, 1))
  (inception_3a_3x3_reduce_bn): BatchNorm2d(64, eps=1e-05, momentum=0.1, affine=True, track_running_stats=True)
  (inception_3a_relu_3x3_reduce): ReLU(inplace=True)
  (inception_3a_3x3): Conv2d(64, 64, kernel_size=(3, 3), stride=(1, 1), padding=(1, 1))
  (inception_3a_3x3_bn): BatchNorm2d(64, eps=1e-05, momentum=0.1, affine=True, track_running_stats=True)
  (inception_3a_relu_3x3): ReLU(inplace=True)
  (inception_3a_double_3x3_reduce): Conv2d(192, 64, kernel_size=(1, 1), stride=(1, 1))
  (inception_3a_double_3x3_reduce_bn): BatchNorm2d(64, eps=1e-05, momentum=0.1, affine=True, track_running_stats=True)
  (inception_3a_relu_double_3x3_reduce): ReLU(inplace=True)
  (inception_3a_double_3x3_1): Conv2d(64, 96, kernel_size=(3, 3), stride=(1, 1), padding=(1, 1))
  (inception_3a_double_3x3_1_bn): BatchNorm2d(96, eps=1e-05, momentum=0.1, affine=True, track_running_stats=True)
  (inception_3a_relu_double_3x3_1): ReLU(inplace=True)
  (inception_3a_double_3x3_2): Conv2d(96, 96, kernel_size=(3, 3), stride=(1, 1), padding=(1, 1))
  (inception_3a_double_3x3_2_bn): BatchNorm2d(96, eps=1e-05, momentum=0.1, affine=True, track_running_stats=True)
  (inception_3a_relu_double_3x3_2): ReLU(inplace=True)
  (inception_3a_pool): AvgPool2d(kernel_size=3, stride=1, padding=1)
  (inception_3a_pool_proj): Conv2d(192, 32, kernel_size=(1, 1), stride=(1, 1))
  (inception_3a_pool_proj_bn): BatchNorm2d(32, eps=1e-05, momentum=0.1, affine=True, track_running_stats=True)
  (inception_3a_relu_pool_proj): ReLU(inplace=True)
  (inception_3b_1x1): Conv2d(256, 64, kernel_size=(1, 1), stride=(1, 1))
  (inception_3b_1x1_bn): BatchNorm2d(64, eps=1e-05, momentum=0.1, affine=True, track_running_stats=True)
  (inception_3b_relu_1x1): ReLU(inplace=True)
  (inception_3b_3x3_reduce): Conv2d(256, 64, kernel_size=(1, 1), stride=(1, 1))
  (inception_3b_3x3_reduce_bn): BatchNorm2d(64, eps=1e-05, momentum=0.1, affine=True, track_running_stats=True)
  (inception_3b_relu_3x3_reduce): ReLU(inplace=True)
  (inception_3b_3x3): Conv2d(64, 96, kernel_size=(3, 3), stride=(1, 1), padding=(1, 1))
  (inception_3b_3x3_bn): BatchNorm2d(96, eps=1e-05, momentum=0.1, affine=True, track_running_stats=True)
  (inception_3b_relu_3x3): ReLU(inplace=True)
  (inception_3b_double_3x3_reduce): Conv2d(256, 64, kernel_size=(1, 1), stride=(1, 1))
  (inception_3b_double_3x3_reduce_bn): BatchNorm2d(64, eps=1e-05, momentum=0.1, affine=True, track_running_stats=True)
  (inception_3b_relu_double_3x3_reduce): ReLU(inplace=True)
  (inception_3b_double_3x3_1): Conv2d(64, 96, kernel_size=(3, 3), stride=(1, 1), padding=(1, 1))
  (inception_3b_double_3x3_1_bn): BatchNorm2d(96, eps=1e-05, momentum=0.1, affine=True, track_running_stats=True)
  (inception_3b_relu_double_3x3_1): ReLU(inplace=True)
  (inception_3b_double_3x3_2): Conv2d(96, 96, kernel_size=(3, 3), stride=(1, 1), padding=(1, 1))
  (inception_3b_double_3x3_2_bn): BatchNorm2d(96, eps=1e-05, momentum=0.1, affine=True, track_running_stats=True)
  (inception_3b_relu_double_3x3_2): ReLU(inplace=True)
  (inception_3b_pool): AvgPool2d(kernel_size=3, stride=1, padding=1)
  (inception_3b_pool_proj): Conv2d(256, 64, kernel_size=(1, 1), stride=(1, 1))
  (inception_3b_pool_proj_bn): BatchNorm2d(64, eps=1e-05, momentum=0.1, affine=True, track_running_stats=True)
  (inception_3b_relu_pool_proj): ReLU(inplace=True)
  (inception_3c_3x3_reduce): Conv2d(320, 128, kernel_size=(1, 1), stride=(1, 1))
  (inception_3c_3x3_reduce_bn): BatchNorm2d(128, eps=1e-05, momentum=0.1, affine=True, track_running_stats=True)
  (inception_3c_relu_3x3_reduce): ReLU(inplace=True)
  (inception_3c_3x3): Conv2d(128, 160, kernel_size=(3, 3), stride=(2, 2), padding=(1, 1))
  (inception_3c_3x3_bn): BatchNorm2d(160, eps=1e-05, momentum=0.1, affine=True, track_running_stats=True)
  (inception_3c_relu_3x3): ReLU(inplace=True)
  (inception_3c_double_3x3_reduce): Conv2d(320, 64, kernel_size=(1, 1), stride=(1, 1))
  (inception_3c_double_3x3_reduce_bn): BatchNorm2d(64, eps=1e-05, momentum=0.1, affine=True, track_running_stats=True)
  (inception_3c_relu_double_3x3_reduce): ReLU(inplace=True)
  (inception_3c_double_3x3_1): Conv2d(64, 96, kernel_size=(3, 3), stride=(1, 1), padding=(1, 1))
  (inception_3c_double_3x3_1_bn): BatchNorm2d(96, eps=1e-05, momentum=0.1, affine=True, track_running_stats=True)
  (inception_3c_relu_double_3x3_1): ReLU(inplace=True)
  (inception_3c_double_3x3_2): Conv2d(96, 96, kernel_size=(3, 3), stride=(2, 2), padding=(1, 1))
  (inception_3c_double_3x3_2_bn): BatchNorm2d(96, eps=1e-05, momentum=0.1, affine=True, track_running_stats=True)
  (inception_3c_relu_double_3x3_2): ReLU(inplace=True)
  (inception_3c_pool): MaxPool2d(kernel_size=3, stride=2, padding=0, dilation=1, ceil_mode=True)
  (inception_4a_1x1): Conv2d(576, 224, kernel_size=(1, 1), stride=(1, 1))
  (inception_4a_1x1_bn): BatchNorm2d(224, eps=1e-05, momentum=0.1, affine=True, track_running_stats=True)
  (inception_4a_relu_1x1): ReLU(inplace=True)
  (inception_4a_3x3_reduce): Conv2d(576, 64, kernel_size=(1, 1), stride=(1, 1))
  (inception_4a_3x3_reduce_bn): BatchNorm2d(64, eps=1e-05, momentum=0.1, affine=True, track_running_stats=True)
  (inception_4a_relu_3x3_reduce): ReLU(inplace=True)
  (inception_4a_3x3): Conv2d(64, 96, kernel_size=(3, 3), stride=(1, 1), padding=(1, 1))
  (inception_4a_3x3_bn): BatchNorm2d(96, eps=1e-05, momentum=0.1, affine=True, track_running_stats=True)
  (inception_4a_relu_3x3): ReLU(inplace=True)
  (inception_4a_double_3x3_reduce): Conv2d(576, 96, kernel_size=(1, 1), stride=(1, 1))
  (inception_4a_double_3x3_reduce_bn): BatchNorm2d(96, eps=1e-05, momentum=0.1, affine=True, track_running_stats=True)
  (inception_4a_relu_double_3x3_reduce): ReLU(inplace=True)
  (inception_4a_double_3x3_1): Conv2d(96, 128, kernel_size=(3, 3), stride=(1, 1), padding=(1, 1))
  (inception_4a_double_3x3_1_bn): BatchNorm2d(128, eps=1e-05, momentum=0.1, affine=True, track_running_stats=True)
  (inception_4a_relu_double_3x3_1): ReLU(inplace=True)
  (inception_4a_double_3x3_2): Conv2d(128, 128, kernel_size=(3, 3), stride=(1, 1), padding=(1, 1))
  (inception_4a_double_3x3_2_bn): BatchNorm2d(128, eps=1e-05, momentum=0.1, affine=True, track_running_stats=True)
  (inception_4a_relu_double_3x3_2): ReLU(inplace=True)
  (inception_4a_pool): AvgPool2d(kernel_size=3, stride=1, padding=1)
  (inception_4a_pool_proj): Conv2d(576, 128, kernel_size=(1, 1), stride=(1, 1))
  (inception_4a_pool_proj_bn): BatchNorm2d(128, eps=1e-05, momentum=0.1, affine=True, track_running_stats=True)
  (inception_4a_relu_pool_proj): ReLU(inplace=True)
  (inception_4b_1x1): Conv2d(576, 192, kernel_size=(1, 1), stride=(1, 1))
  (inception_4b_1x1_bn): BatchNorm2d(192, eps=1e-05, momentum=0.1, affine=True, track_running_stats=True)
  (inception_4b_relu_1x1): ReLU(inplace=True)
  (inception_4b_3x3_reduce): Conv2d(576, 96, kernel_size=(1, 1), stride=(1, 1))
  (inception_4b_3x3_reduce_bn): BatchNorm2d(96, eps=1e-05, momentum=0.1, affine=True, track_running_stats=True)
  (inception_4b_relu_3x3_reduce): ReLU(inplace=True)
  (inception_4b_3x3): Conv2d(96, 128, kernel_size=(3, 3), stride=(1, 1), padding=(1, 1))
  (inception_4b_3x3_bn): BatchNorm2d(128, eps=1e-05, momentum=0.1, affine=True, track_running_stats=True)
  (inception_4b_relu_3x3): ReLU(inplace=True)
  (inception_4b_double_3x3_reduce): Conv2d(576, 96, kernel_size=(1, 1), stride=(1, 1))
  (inception_4b_double_3x3_reduce_bn): BatchNorm2d(96, eps=1e-05, momentum=0.1, affine=True, track_running_stats=True)
  (inception_4b_relu_double_3x3_reduce): ReLU(inplace=True)
  (inception_4b_double_3x3_1): Conv2d(96, 128, kernel_size=(3, 3), stride=(1, 1), padding=(1, 1))
  (inception_4b_double_3x3_1_bn): BatchNorm2d(128, eps=1e-05, momentum=0.1, affine=True, track_running_stats=True)
  (inception_4b_relu_double_3x3_1): ReLU(inplace=True)
  (inception_4b_double_3x3_2): Conv2d(128, 128, kernel_size=(3, 3), stride=(1, 1), padding=(1, 1))
  (inception_4b_double_3x3_2_bn): BatchNorm2d(128, eps=1e-05, momentum=0.1, affine=True, track_running_stats=True)
  (inception_4b_relu_double_3x3_2): ReLU(inplace=True)
  (inception_4b_pool): AvgPool2d(kernel_size=3, stride=1, padding=1)
  (inception_4b_pool_proj): Conv2d(576, 128, kernel_size=(1, 1), stride=(1, 1))
  (inception_4b_pool_proj_bn): BatchNorm2d(128, eps=1e-05, momentum=0.1, affine=True, track_running_stats=True)
  (inception_4b_relu_pool_proj): ReLU(inplace=True)
  (inception_4c_1x1): Conv2d(576, 160, kernel_size=(1, 1), stride=(1, 1))
  (inception_4c_1x1_bn): BatchNorm2d(160, eps=1e-05, momentum=0.1, affine=True, track_running_stats=True)
  (inception_4c_relu_1x1): ReLU(inplace=True)
  (inception_4c_3x3_reduce): Conv2d(576, 128, kernel_size=(1, 1), stride=(1, 1))
  (inception_4c_3x3_reduce_bn): BatchNorm2d(128, eps=1e-05, momentum=0.1, affine=True, track_running_stats=True)
  (inception_4c_relu_3x3_reduce): ReLU(inplace=True)
  (inception_4c_3x3): Conv2d(128, 160, kernel_size=(3, 3), stride=(1, 1), padding=(1, 1))
  (inception_4c_3x3_bn): BatchNorm2d(160, eps=1e-05, momentum=0.1, affine=True, track_running_stats=True)
  (inception_4c_relu_3x3): ReLU(inplace=True)
  (inception_4c_double_3x3_reduce): Conv2d(576, 128, kernel_size=(1, 1), stride=(1, 1))
  (inception_4c_double_3x3_reduce_bn): BatchNorm2d(128, eps=1e-05, momentum=0.1, affine=True, track_running_stats=True)
  (inception_4c_relu_double_3x3_reduce): ReLU(inplace=True)
  (inception_4c_double_3x3_1): Conv2d(128, 160, kernel_size=(3, 3), stride=(1, 1), padding=(1, 1))
  (inception_4c_double_3x3_1_bn): BatchNorm2d(160, eps=1e-05, momentum=0.1, affine=True, track_running_stats=True)
  (inception_4c_relu_double_3x3_1): ReLU(inplace=True)
  (inception_4c_double_3x3_2): Conv2d(160, 160, kernel_size=(3, 3), stride=(1, 1), padding=(1, 1))
  (inception_4c_double_3x3_2_bn): BatchNorm2d(160, eps=1e-05, momentum=0.1, affine=True, track_running_stats=True)
  (inception_4c_relu_double_3x3_2): ReLU(inplace=True)
  (inception_4c_pool): AvgPool2d(kernel_size=3, stride=1, padding=1)
  (inception_4c_pool_proj): Conv2d(576, 128, kernel_size=(1, 1), stride=(1, 1))
  (inception_4c_pool_proj_bn): BatchNorm2d(128, eps=1e-05, momentum=0.1, affine=True, track_running_stats=True)
  (inception_4c_relu_pool_proj): ReLU(inplace=True)
  (inception_4d_1x1): Conv2d(608, 96, kernel_size=(1, 1), stride=(1, 1))
  (inception_4d_1x1_bn): BatchNorm2d(96, eps=1e-05, momentum=0.1, affine=True, track_running_stats=True)
  (inception_4d_relu_1x1): ReLU(inplace=True)
  (inception_4d_3x3_reduce): Conv2d(608, 128, kernel_size=(1, 1), stride=(1, 1))
  (inception_4d_3x3_reduce_bn): BatchNorm2d(128, eps=1e-05, momentum=0.1, affine=True, track_running_stats=True)
  (inception_4d_relu_3x3_reduce): ReLU(inplace=True)
  (inception_4d_3x3): Conv2d(128, 192, kernel_size=(3, 3), stride=(1, 1), padding=(1, 1))
  (inception_4d_3x3_bn): BatchNorm2d(192, eps=1e-05, momentum=0.1, affine=True, track_running_stats=True)
  (inception_4d_relu_3x3): ReLU(inplace=True)
  (inception_4d_double_3x3_reduce): Conv2d(608, 160, kernel_size=(1, 1), stride=(1, 1))
  (inception_4d_double_3x3_reduce_bn): BatchNorm2d(160, eps=1e-05, momentum=0.1, affine=True, track_running_stats=True)
  (inception_4d_relu_double_3x3_reduce): ReLU(inplace=True)
  (inception_4d_double_3x3_1): Conv2d(160, 192, kernel_size=(3, 3), stride=(1, 1), padding=(1, 1))
  (inception_4d_double_3x3_1_bn): BatchNorm2d(192, eps=1e-05, momentum=0.1, affine=True, track_running_stats=True)
  (inception_4d_relu_double_3x3_1): ReLU(inplace=True)
  (inception_4d_double_3x3_2): Conv2d(192, 192, kernel_size=(3, 3), stride=(1, 1), padding=(1, 1))
  (inception_4d_double_3x3_2_bn): BatchNorm2d(192, eps=1e-05, momentum=0.1, affine=True, track_running_stats=True)
  (inception_4d_relu_double_3x3_2): ReLU(inplace=True)
  (inception_4d_pool): AvgPool2d(kernel_size=3, stride=1, padding=1)
  (inception_4d_pool_proj): Conv2d(608, 128, kernel_size=(1, 1), stride=(1, 1))
  (inception_4d_pool_proj_bn): BatchNorm2d(128, eps=1e-05, momentum=0.1, affine=True, track_running_stats=True)
  (inception_4d_relu_pool_proj): ReLU(inplace=True)
  (inception_4e_3x3_reduce): Conv2d(608, 128, kernel_size=(1, 1), stride=(1, 1))
  (inception_4e_3x3_reduce_bn): BatchNorm2d(128, eps=1e-05, momentum=0.1, affine=True, track_running_stats=True)
  (inception_4e_relu_3x3_reduce): ReLU(inplace=True)
  (inception_4e_3x3): Conv2d(128, 192, kernel_size=(3, 3), stride=(2, 2), padding=(1, 1))
  (inception_4e_3x3_bn): BatchNorm2d(192, eps=1e-05, momentum=0.1, affine=True, track_running_stats=True)
  (inception_4e_relu_3x3): ReLU(inplace=True)
  (inception_4e_double_3x3_reduce): Conv2d(608, 192, kernel_size=(1, 1), stride=(1, 1))
  (inception_4e_double_3x3_reduce_bn): BatchNorm2d(192, eps=1e-05, momentum=0.1, affine=True, track_running_stats=True)
  (inception_4e_relu_double_3x3_reduce): ReLU(inplace=True)
  (inception_4e_double_3x3_1): Conv2d(192, 256, kernel_size=(3, 3), stride=(1, 1), padding=(1, 1))
  (inception_4e_double_3x3_1_bn): BatchNorm2d(256, eps=1e-05, momentum=0.1, affine=True, track_running_stats=True)
  (inception_4e_relu_double_3x3_1): ReLU(inplace=True)
  (inception_4e_double_3x3_2): Conv2d(256, 256, kernel_size=(3, 3), stride=(2, 2), padding=(1, 1))
  (inception_4e_double_3x3_2_bn): BatchNorm2d(256, eps=1e-05, momentum=0.1, affine=True, track_running_stats=True)
  (inception_4e_relu_double_3x3_2): ReLU(inplace=True)
  (inception_4e_pool): MaxPool2d(kernel_size=3, stride=2, padding=0, dilation=1, ceil_mode=True)
  (inception_5a_1x1): Conv2d(1056, 352, kernel_size=(1, 1), stride=(1, 1))
  (inception_5a_1x1_bn): BatchNorm2d(352, eps=1e-05, momentum=0.1, affine=True, track_running_stats=True)
  (inception_5a_relu_1x1): ReLU(inplace=True)
  (inception_5a_3x3_reduce): Conv2d(1056, 192, kernel_size=(1, 1), stride=(1, 1))
  (inception_5a_3x3_reduce_bn): BatchNorm2d(192, eps=1e-05, momentum=0.1, affine=True, track_running_stats=True)
  (inception_5a_relu_3x3_reduce): ReLU(inplace=True)
  (inception_5a_3x3): Conv2d(192, 320, kernel_size=(3, 3), stride=(1, 1), padding=(1, 1))
  (inception_5a_3x3_bn): BatchNorm2d(320, eps=1e-05, momentum=0.1, affine=True, track_running_stats=True)
  (inception_5a_relu_3x3): ReLU(inplace=True)
  (inception_5a_double_3x3_reduce): Conv2d(1056, 160, kernel_size=(1, 1), stride=(1, 1))
  (inception_5a_double_3x3_reduce_bn): BatchNorm2d(160, eps=1e-05, momentum=0.1, affine=True, track_running_stats=True)
  (inception_5a_relu_double_3x3_reduce): ReLU(inplace=True)
  (inception_5a_double_3x3_1): Conv2d(160, 224, kernel_size=(3, 3), stride=(1, 1), padding=(1, 1))
  (inception_5a_double_3x3_1_bn): BatchNorm2d(224, eps=1e-05, momentum=0.1, affine=True, track_running_stats=True)
  (inception_5a_relu_double_3x3_1): ReLU(inplace=True)
  (inception_5a_double_3x3_2): Conv2d(224, 224, kernel_size=(3, 3), stride=(1, 1), padding=(1, 1))
  (inception_5a_double_3x3_2_bn): BatchNorm2d(224, eps=1e-05, momentum=0.1, affine=True, track_running_stats=True)
  (inception_5a_relu_double_3x3_2): ReLU(inplace=True)
  (inception_5a_pool): AvgPool2d(kernel_size=3, stride=1, padding=1)
  (inception_5a_pool_proj): Conv2d(1056, 128, kernel_size=(1, 1), stride=(1, 1))
  (inception_5a_pool_proj_bn): BatchNorm2d(128, eps=1e-05, momentum=0.1, affine=True, track_running_stats=True)
  (inception_5a_relu_pool_proj): ReLU(inplace=True)
  (inception_5b_1x1): Conv2d(1024, 352, kernel_size=(1, 1), stride=(1, 1))
  (inception_5b_1x1_bn): BatchNorm2d(352, eps=1e-05, momentum=0.1, affine=True, track_running_stats=True)
  (inception_5b_relu_1x1): ReLU(inplace=True)
  (inception_5b_3x3_reduce): Conv2d(1024, 192, kernel_size=(1, 1), stride=(1, 1))
  (inception_5b_3x3_reduce_bn): BatchNorm2d(192, eps=1e-05, momentum=0.1, affine=True, track_running_stats=True)
  (inception_5b_relu_3x3_reduce): ReLU(inplace=True)
  (inception_5b_3x3): Conv2d(192, 320, kernel_size=(3, 3), stride=(1, 1), padding=(1, 1))
  (inception_5b_3x3_bn): BatchNorm2d(320, eps=1e-05, momentum=0.1, affine=True, track_running_stats=True)
  (inception_5b_relu_3x3): ReLU(inplace=True)
  (inception_5b_double_3x3_reduce): Conv2d(1024, 192, kernel_size=(1, 1), stride=(1, 1))
  (inception_5b_double_3x3_reduce_bn): BatchNorm2d(192, eps=1e-05, momentum=0.1, affine=True, track_running_stats=True)
  (inception_5b_relu_double_3x3_reduce): ReLU(inplace=True)
  (inception_5b_double_3x3_1): Conv2d(192, 224, kernel_size=(3, 3), stride=(1, 1), padding=(1, 1))
  (inception_5b_double_3x3_1_bn): BatchNorm2d(224, eps=1e-05, momentum=0.1, affine=True, track_running_stats=True)
  (inception_5b_relu_double_3x3_1): ReLU(inplace=True)
  (inception_5b_double_3x3_2): Conv2d(224, 224, kernel_size=(3, 3), stride=(1, 1), padding=(1, 1))
  (inception_5b_double_3x3_2_bn): BatchNorm2d(224, eps=1e-05, momentum=0.1, affine=True, track_running_stats=True)
  (inception_5b_relu_double_3x3_2): ReLU(inplace=True)
  (inception_5b_pool): MaxPool2d(kernel_size=3, stride=1, padding=1, dilation=1, ceil_mode=True)
  (inception_5b_pool_proj): Conv2d(1024, 128, kernel_size=(1, 1), stride=(1, 1))
  (inception_5b_pool_proj_bn): BatchNorm2d(128, eps=1e-05, momentum=0.1, affine=True, track_running_stats=True)
  (inception_5b_relu_pool_proj): ReLU(inplace=True)
  (global_pool): AvgPool2d(kernel_size=7, stride=1, padding=0)
  (fc): Dropout(p=0.8, inplace=False)
)
2 3 Conv2d(3, 64, kernel_size=(7, 7), stride=(2, 2), padding=(3, 3))
3                      BatchNorm2d(64, eps=1e-05, momentum=0.1, affine=True, track_running_stats=True)
4                      ReLU(inplace=True)
5                      MaxPool2d(kernel_size=3, stride=2, padding=0, dilation=1, ceil_mode=True)
6 4 Conv2d(64, 64, kernel_size=(1, 1), stride=(1, 1))
7                      BatchNorm2d(64, eps=1e-05, momentum=0.1, affine=True, track_running_stats=True)
8                      ReLU(inplace=True)
9 5 Conv2d(64, 192, kernel_size=(3, 3), stride=(1, 1), padding=(1, 1))
10                      BatchNorm2d(192, eps=1e-05, momentum=0.1, affine=True, track_running_stats=True)
11                      ReLU(inplace=True)
12                      MaxPool2d(kernel_size=3, stride=2, padding=0, dilation=1, ceil_mode=True)
13 6 Conv2d(192, 64, kernel_size=(1, 1), stride=(1, 1))
14                      BatchNorm2d(64, eps=1e-05, momentum=0.1, affine=True, track_running_stats=True)
15                      ReLU(inplace=True)
16 7 Conv2d(192, 64, kernel_size=(1, 1), stride=(1, 1))
17                      BatchNorm2d(64, eps=1e-05, momentum=0.1, affine=True, track_running_stats=True)
18                      ReLU(inplace=True)
19 8 Conv2d(64, 64, kernel_size=(3, 3), stride=(1, 1), padding=(1, 1))
20                      BatchNorm2d(64, eps=1e-05, momentum=0.1, affine=True, track_running_stats=True)
21                      ReLU(inplace=True)
22 9 Conv2d(192, 64, kernel_size=(1, 1), stride=(1, 1))
23                      BatchNorm2d(64, eps=1e-05, momentum=0.1, affine=True, track_running_stats=True)
24                      ReLU(inplace=True)
25 10 Conv2d(64, 96, kernel_size=(3, 3), stride=(1, 1), padding=(1, 1))
26                      BatchNorm2d(96, eps=1e-05, momentum=0.1, affine=True, track_running_stats=True)
27                      ReLU(inplace=True)
28 11 Conv2d(96, 96, kernel_size=(3, 3), stride=(1, 1), padding=(1, 1))
29                      BatchNorm2d(96, eps=1e-05, momentum=0.1, affine=True, track_running_stats=True)
30                      ReLU(inplace=True)
31                      AvgPool2d(kernel_size=3, stride=1, padding=1)
32 12 Conv2d(192, 32, kernel_size=(1, 1), stride=(1, 1))
33                      BatchNorm2d(32, eps=1e-05, momentum=0.1, affine=True, track_running_stats=True)
34                      ReLU(inplace=True)
35 13 Conv2d(256, 64, kernel_size=(1, 1), stride=(1, 1))
36                      BatchNorm2d(64, eps=1e-05, momentum=0.1, affine=True, track_running_stats=True)
37                      ReLU(inplace=True)
38 14 Conv2d(256, 64, kernel_size=(1, 1), stride=(1, 1))
39                      BatchNorm2d(64, eps=1e-05, momentum=0.1, affine=True, track_running_stats=True)
40                      ReLU(inplace=True)
41 15 Conv2d(64, 96, kernel_size=(3, 3), stride=(1, 1), padding=(1, 1))
42                      BatchNorm2d(96, eps=1e-05, momentum=0.1, affine=True, track_running_stats=True)
43                      ReLU(inplace=True)
44 16 Conv2d(256, 64, kernel_size=(1, 1), stride=(1, 1))
45                      BatchNorm2d(64, eps=1e-05, momentum=0.1, affine=True, track_running_stats=True)
46                      ReLU(inplace=True)
47 17 Conv2d(64, 96, kernel_size=(3, 3), stride=(1, 1), padding=(1, 1))
48                      BatchNorm2d(96, eps=1e-05, momentum=0.1, affine=True, track_running_stats=True)
49                      ReLU(inplace=True)
50 18 Conv2d(96, 96, kernel_size=(3, 3), stride=(1, 1), padding=(1, 1))
51                      BatchNorm2d(96, eps=1e-05, momentum=0.1, affine=True, track_running_stats=True)
52                      ReLU(inplace=True)
53                      AvgPool2d(kernel_size=3, stride=1, padding=1)
54 19 Conv2d(256, 64, kernel_size=(1, 1), stride=(1, 1))
55                      BatchNorm2d(64, eps=1e-05, momentum=0.1, affine=True, track_running_stats=True)
56                      ReLU(inplace=True)
57 20 Conv2d(320, 128, kernel_size=(1, 1), stride=(1, 1))
58                      BatchNorm2d(128, eps=1e-05, momentum=0.1, affine=True, track_running_stats=True)
59                      ReLU(inplace=True)
60 21 Conv2d(128, 160, kernel_size=(3, 3), stride=(2, 2), padding=(1, 1))
61                      BatchNorm2d(160, eps=1e-05, momentum=0.1, affine=True, track_running_stats=True)
62                      ReLU(inplace=True)
63 22 Conv2d(320, 64, kernel_size=(1, 1), stride=(1, 1))
64                      BatchNorm2d(64, eps=1e-05, momentum=0.1, affine=True, track_running_stats=True)
65                      ReLU(inplace=True)
66 23 Conv2d(64, 96, kernel_size=(3, 3), stride=(1, 1), padding=(1, 1))
67                      BatchNorm2d(96, eps=1e-05, momentum=0.1, affine=True, track_running_stats=True)
68                      ReLU(inplace=True)
69 24 Conv2d(96, 96, kernel_size=(3, 3), stride=(2, 2), padding=(1, 1))
70                      BatchNorm2d(96, eps=1e-05, momentum=0.1, affine=True, track_running_stats=True)
71                      ReLU(inplace=True)
72                      MaxPool2d(kernel_size=3, stride=2, padding=0, dilation=1, ceil_mode=True)
73 25 Conv2d(576, 224, kernel_size=(1, 1), stride=(1, 1))
74                      BatchNorm2d(224, eps=1e-05, momentum=0.1, affine=True, track_running_stats=True)
75                      ReLU(inplace=True)
76 26 Conv2d(576, 64, kernel_size=(1, 1), stride=(1, 1))
77                      BatchNorm2d(64, eps=1e-05, momentum=0.1, affine=True, track_running_stats=True)
78                      ReLU(inplace=True)
79 27 Conv2d(64, 96, kernel_size=(3, 3), stride=(1, 1), padding=(1, 1))
80                      BatchNorm2d(96, eps=1e-05, momentum=0.1, affine=True, track_running_stats=True)
81                      ReLU(inplace=True)
82 28 Conv2d(576, 96, kernel_size=(1, 1), stride=(1, 1))
83                      BatchNorm2d(96, eps=1e-05, momentum=0.1, affine=True, track_running_stats=True)
84                      ReLU(inplace=True)
85 29 Conv2d(96, 128, kernel_size=(3, 3), stride=(1, 1), padding=(1, 1))
86                      BatchNorm2d(128, eps=1e-05, momentum=0.1, affine=True, track_running_stats=True)
87                      ReLU(inplace=True)
88 30 Conv2d(128, 128, kernel_size=(3, 3), stride=(1, 1), padding=(1, 1))
89                      BatchNorm2d(128, eps=1e-05, momentum=0.1, affine=True, track_running_stats=True)
90                      ReLU(inplace=True)
91                      AvgPool2d(kernel_size=3, stride=1, padding=1)
92 31 Conv2d(576, 128, kernel_size=(1, 1), stride=(1, 1))
93                      BatchNorm2d(128, eps=1e-05, momentum=0.1, affine=True, track_running_stats=True)
94                      ReLU(inplace=True)
95 32 Conv2d(576, 192, kernel_size=(1, 1), stride=(1, 1))
96                      BatchNorm2d(192, eps=1e-05, momentum=0.1, affine=True, track_running_stats=True)
97                      ReLU(inplace=True)
98 33 Conv2d(576, 96, kernel_size=(1, 1), stride=(1, 1))
99                      BatchNorm2d(96, eps=1e-05, momentum=0.1, affine=True, track_running_stats=True)
100                      ReLU(inplace=True)
101 34 Conv2d(96, 128, kernel_size=(3, 3), stride=(1, 1), padding=(1, 1))
102                      BatchNorm2d(128, eps=1e-05, momentum=0.1, affine=True, track_running_stats=True)
103                      ReLU(inplace=True)
104 35 Conv2d(576, 96, kernel_size=(1, 1), stride=(1, 1))
105                      BatchNorm2d(96, eps=1e-05, momentum=0.1, affine=True, track_running_stats=True)
106                      ReLU(inplace=True)
107 36 Conv2d(96, 128, kernel_size=(3, 3), stride=(1, 1), padding=(1, 1))
108                      BatchNorm2d(128, eps=1e-05, momentum=0.1, affine=True, track_running_stats=True)
109                      ReLU(inplace=True)
110 37 Conv2d(128, 128, kernel_size=(3, 3), stride=(1, 1), padding=(1, 1))
111                      BatchNorm2d(128, eps=1e-05, momentum=0.1, affine=True, track_running_stats=True)
112                      ReLU(inplace=True)
113                      AvgPool2d(kernel_size=3, stride=1, padding=1)
114 38 Conv2d(576, 128, kernel_size=(1, 1), stride=(1, 1))
115                      BatchNorm2d(128, eps=1e-05, momentum=0.1, affine=True, track_running_stats=True)
116                      ReLU(inplace=True)
117 39 Conv2d(576, 160, kernel_size=(1, 1), stride=(1, 1))
118                      BatchNorm2d(160, eps=1e-05, momentum=0.1, affine=True, track_running_stats=True)
119                      ReLU(inplace=True)
120 40 Conv2d(576, 128, kernel_size=(1, 1), stride=(1, 1))
121                      BatchNorm2d(128, eps=1e-05, momentum=0.1, affine=True, track_running_stats=True)
122                      ReLU(inplace=True)
123 41 Conv2d(128, 160, kernel_size=(3, 3), stride=(1, 1), padding=(1, 1))
124                      BatchNorm2d(160, eps=1e-05, momentum=0.1, affine=True, track_running_stats=True)
125                      ReLU(inplace=True)
126 42 Conv2d(576, 128, kernel_size=(1, 1), stride=(1, 1))
127                      BatchNorm2d(128, eps=1e-05, momentum=0.1, affine=True, track_running_stats=True)
128                      ReLU(inplace=True)
129 43 Conv2d(128, 160, kernel_size=(3, 3), stride=(1, 1), padding=(1, 1))
130                      BatchNorm2d(160, eps=1e-05, momentum=0.1, affine=True, track_running_stats=True)
131                      ReLU(inplace=True)
132 44 Conv2d(160, 160, kernel_size=(3, 3), stride=(1, 1), padding=(1, 1))
133                      BatchNorm2d(160, eps=1e-05, momentum=0.1, affine=True, track_running_stats=True)
134                      ReLU(inplace=True)
135                      AvgPool2d(kernel_size=3, stride=1, padding=1)
136 45 Conv2d(576, 128, kernel_size=(1, 1), stride=(1, 1))
137                      BatchNorm2d(128, eps=1e-05, momentum=0.1, affine=True, track_running_stats=True)
138                      ReLU(inplace=True)
139 46 Conv2d(608, 96, kernel_size=(1, 1), stride=(1, 1))
140                      BatchNorm2d(96, eps=1e-05, momentum=0.1, affine=True, track_running_stats=True)
141                      ReLU(inplace=True)
142 47 Conv2d(608, 128, kernel_size=(1, 1), stride=(1, 1))
143                      BatchNorm2d(128, eps=1e-05, momentum=0.1, affine=True, track_running_stats=True)
144                      ReLU(inplace=True)
145 48 Conv2d(128, 192, kernel_size=(3, 3), stride=(1, 1), padding=(1, 1))
146                      BatchNorm2d(192, eps=1e-05, momentum=0.1, affine=True, track_running_stats=True)
147                      ReLU(inplace=True)
148 49 Conv2d(608, 160, kernel_size=(1, 1), stride=(1, 1))
149                      BatchNorm2d(160, eps=1e-05, momentum=0.1, affine=True, track_running_stats=True)
150                      ReLU(inplace=True)
151 50 Conv2d(160, 192, kernel_size=(3, 3), stride=(1, 1), padding=(1, 1))
152                      BatchNorm2d(192, eps=1e-05, momentum=0.1, affine=True, track_running_stats=True)
153                      ReLU(inplace=True)
154 51 Conv2d(192, 192, kernel_size=(3, 3), stride=(1, 1), padding=(1, 1))
155                      BatchNorm2d(192, eps=1e-05, momentum=0.1, affine=True, track_running_stats=True)
156                      ReLU(inplace=True)
157                      AvgPool2d(kernel_size=3, stride=1, padding=1)
158 52 Conv2d(608, 128, kernel_size=(1, 1), stride=(1, 1))
159                      BatchNorm2d(128, eps=1e-05, momentum=0.1, affine=True, track_running_stats=True)
160                      ReLU(inplace=True)
161 53 Conv2d(608, 128, kernel_size=(1, 1), stride=(1, 1))
162                      BatchNorm2d(128, eps=1e-05, momentum=0.1, affine=True, track_running_stats=True)
163                      ReLU(inplace=True)
164 54 Conv2d(128, 192, kernel_size=(3, 3), stride=(2, 2), padding=(1, 1))
165                      BatchNorm2d(192, eps=1e-05, momentum=0.1, affine=True, track_running_stats=True)
166                      ReLU(inplace=True)
167 55 Conv2d(608, 192, kernel_size=(1, 1), stride=(1, 1))
168                      BatchNorm2d(192, eps=1e-05, momentum=0.1, affine=True, track_running_stats=True)
169                      ReLU(inplace=True)
170 56 Conv2d(192, 256, kernel_size=(3, 3), stride=(1, 1), padding=(1, 1))
171                      BatchNorm2d(256, eps=1e-05, momentum=0.1, affine=True, track_running_stats=True)
172                      ReLU(inplace=True)
173 57 Conv2d(256, 256, kernel_size=(3, 3), stride=(2, 2), padding=(1, 1))
174                      BatchNorm2d(256, eps=1e-05, momentum=0.1, affine=True, track_running_stats=True)
175                      ReLU(inplace=True)
176                      MaxPool2d(kernel_size=3, stride=2, padding=0, dilation=1, ceil_mode=True)
177 58 Conv2d(1056, 352, kernel_size=(1, 1), stride=(1, 1))
178                      BatchNorm2d(352, eps=1e-05, momentum=0.1, affine=True, track_running_stats=True)
179                      ReLU(inplace=True)
180 59 Conv2d(1056, 192, kernel_size=(1, 1), stride=(1, 1))
181                      BatchNorm2d(192, eps=1e-05, momentum=0.1, affine=True, track_running_stats=True)
182                      ReLU(inplace=True)
183 60 Conv2d(192, 320, kernel_size=(3, 3), stride=(1, 1), padding=(1, 1))
184                      BatchNorm2d(320, eps=1e-05, momentum=0.1, affine=True, track_running_stats=True)
185                      ReLU(inplace=True)
186 61 Conv2d(1056, 160, kernel_size=(1, 1), stride=(1, 1))
187                      BatchNorm2d(160, eps=1e-05, momentum=0.1, affine=True, track_running_stats=True)
188                      ReLU(inplace=True)
189 62 Conv2d(160, 224, kernel_size=(3, 3), stride=(1, 1), padding=(1, 1))
190                      BatchNorm2d(224, eps=1e-05, momentum=0.1, affine=True, track_running_stats=True)
191                      ReLU(inplace=True)
192 63 Conv2d(224, 224, kernel_size=(3, 3), stride=(1, 1), padding=(1, 1))
193                      BatchNorm2d(224, eps=1e-05, momentum=0.1, affine=True, track_running_stats=True)
194                      ReLU(inplace=True)
195                      AvgPool2d(kernel_size=3, stride=1, padding=1)
196 64 Conv2d(1056, 128, kernel_size=(1, 1), stride=(1, 1))
197                      BatchNorm2d(128, eps=1e-05, momentum=0.1, affine=True, track_running_stats=True)
198                      ReLU(inplace=True)
199 65 Conv2d(1024, 352, kernel_size=(1, 1), stride=(1, 1))
200                      BatchNorm2d(352, eps=1e-05, momentum=0.1, affine=True, track_running_stats=True)
201                      ReLU(inplace=True)
202 66 Conv2d(1024, 192, kernel_size=(1, 1), stride=(1, 1))
203                      BatchNorm2d(192, eps=1e-05, momentum=0.1, affine=True, track_running_stats=True)
204                      ReLU(inplace=True)
205 67 Conv2d(192, 320, kernel_size=(3, 3), stride=(1, 1), padding=(1, 1))
206                      BatchNorm2d(320, eps=1e-05, momentum=0.1, affine=True, track_running_stats=True)
207                      ReLU(inplace=True)
208 68 Conv2d(1024, 192, kernel_size=(1, 1), stride=(1, 1))
209                      BatchNorm2d(192, eps=1e-05, momentum=0.1, affine=True, track_running_stats=True)
210                      ReLU(inplace=True)
211 69 Conv2d(192, 224, kernel_size=(3, 3), stride=(1, 1), padding=(1, 1))
212                      BatchNorm2d(224, eps=1e-05, momentum=0.1, affine=True, track_running_stats=True)
213                      ReLU(inplace=True)
214 70 Conv2d(224, 224, kernel_size=(3, 3), stride=(1, 1), padding=(1, 1))
215                      BatchNorm2d(224, eps=1e-05, momentum=0.1, affine=True, track_running_stats=True)
216                      ReLU(inplace=True)
217                      MaxPool2d(kernel_size=3, stride=1, padding=1, dilation=1, ceil_mode=True)
218 71 Conv2d(1024, 128, kernel_size=(1, 1), stride=(1, 1))
219                      BatchNorm2d(128, eps=1e-05, momentum=0.1, affine=True, track_running_stats=True)
220                      ReLU(inplace=True)
221                      AvgPool2d(kernel_size=7, stride=1, padding=0)
222 71 Dropout(p=0.8, inplace=False)
223 71 Linear(in_features=1024, out_features=256, bias=True)
224                      RelationModule(
  (classifier): Sequential(
    (0): ReLU()
    (1): Linear(in_features=768, out_features=512, bias=True)
    (2): ReLU()
    (3): Linear(in_features=512, out_features=8, bias=True)
  )
)
225                      Sequential(
  (0): ReLU()
  (1): Linear(in_features=768, out_features=512, bias=True)
  (2): ReLU()
  (3): Linear(in_features=512, out_features=8, bias=True)
)
226                      ReLU()
227 71 Linear(in_features=768, out_features=512, bias=True)
228                      ReLU()
229 71 Linear(in_features=512, out_features=8, bias=True)
-------------------- 230 layers (71 ConvNets) ,Total number of parameters: 32,987,151
------------------------------
group: first_conv_weight has 1 params, lr_mult: 1, decay_mult: 1
group: first_conv_bias has 1 params, lr_mult: 2, decay_mult: 0
group: normal_weight has 71 params, lr_mult: 1, decay_mult: 1
group: normal_bias has 71 params, lr_mult: 2, decay_mult: 0
group: BN scale/shift has 138 params, lr_mult: 1, decay_mult: 0
******************** count from policies, total parameters: 10,930,472
TRN initialised 

evalutate= True
-------------------- 3 actions to go...
testmode: load 3 actions (1 batchs) 
testingResults: time(min): 0.0,  Loss 2.05792, Prec1 33.333( best:33.333 ), Prec5 66.667
cost time: 0.0 mins, 0.0 mins
output size:  (3, 8)
[[ 0.20259722  0.05325284  0.0096142  -0.07203355  0.11368145 -0.02800536
  -0.10208083 -0.10387713]
 [ 0.21403776  0.0497563   0.01394771 -0.08232625  0.11886873 -0.02159563
  -0.10673142 -0.11683059]
 [ 0.2098507   0.05987263  0.01336521 -0.08348653  0.1054891  -0.02561614
  -0.10419221 -0.10892419]]
Conda uses environments to load different sets of Python packages
type conda env list to see the environments availible.

+-------------------------------------------------------+
Initializing TSN with 
               base model:  BNInception
Configurations:  
           input_modality:  RGB
             num_segments:  8
               new_length:  1
         consensus_module:  TRN
            dropout_ratio:  0.8
feature_dim(for fc_layer):  1024
 img_feature_dim（[M]TRN):  256
          before_softmax:  True
+-------------------------------------------------------+
            
we have 1 GPUs found
  
+-------------------------------------------------------+
               num_class : 8
                modality : RGB
              base_model : BNInception
              new_length : 1
          consensus_type : TRN
         img_feature_dim : 256

                  resume : 
                  epochs : 1
             start_epoch : 0
                      lr : 0.001
               loss_type : nll
            weight_decay : 0.0005
                lr_steps : [30, 60]
                momentum : 0.9
              partial_bn : False
           clip_gradient : 20
                 dropout : 0.8

              batch_size : 64
                 workers : 8
                    gpus : None
               eval_freq : 1
              print_freq : 1
+-------------------------------------------------------+
construct a network named : TRN_epic_test_RGB_BNInception_TRN_segment8
******************** TSN parameters:
<class 'torch.nn.parallel.data_parallel.DataParallel'> has no len() mothod
-------------------- 230 layers (71 ConvNets) ,Total number of parameters: 35,608,591
------------------------------
group: first_conv_weight has 1 params, lr_mult: 1, decay_mult: 1
group: first_conv_bias has 1 params, lr_mult: 2, decay_mult: 0
group: normal_weight has 71 params, lr_mult: 1, decay_mult: 1
group: normal_bias has 71 params, lr_mult: 2, decay_mult: 0
group: BN scale/shift has 138 params, lr_mult: 1, decay_mult: 0
******************** count from policies, total parameters: 11,585,832
TRN initialised 

evalutate= None
======batch_size= 64
-------------------- 72 actions to go...
-------------------- 3 actions to go...

 ---------- epoch:0, lr 0.001 ----------  14.July 23:24:11
begin train(), train_loader  len:2
input size: torch.Size([64, 24, 224, 224]) (batchsize ,num_segments*new_length* channel (rgb 3, flow 2), [crop_size])
Traceback (most recent call last):
  File "main.py", line 84, in <module>
    main()
  File "main.py", line 81, in main
    trnmodel.do_training( ifprint= args.print_training_in_terminal)
  File "/data/acq18jg/Code/TRN-pytorch/main.py", line 366, in do_training
    tr_loss= self.train(train_loader,  model, self.criterion, optimizer, epoch, self.log_training, ifprint)
  File "/data/acq18jg/Code/TRN-pytorch/main.py", line 431, in train
    output = model(input_var)
  File "/home/acq18jg/.conda/envs/jupyter-spark/lib/python3.6/site-packages/torch/nn/modules/module.py", line 532, in __call__
    result = self.forward(*input, **kwargs)
  File "/home/acq18jg/.conda/envs/jupyter-spark/lib/python3.6/site-packages/torch/nn/parallel/data_parallel.py", line 150, in forward
    return self.module(*inputs[0], **kwargs[0])
  File "/home/acq18jg/.conda/envs/jupyter-spark/lib/python3.6/site-packages/torch/nn/modules/module.py", line 532, in __call__
    result = self.forward(*input, **kwargs)
  File "/data/acq18jg/Code/TRN-pytorch/models.py", line 288, in forward
    base_out = self.base_model(input.view((-1, sample_len) + input.size()[-2:]))
  File "/home/acq18jg/.conda/envs/jupyter-spark/lib/python3.6/site-packages/torch/nn/modules/module.py", line 532, in __call__
    result = self.forward(*input, **kwargs)
  File "/data/acq18jg/Code/TRN-pytorch/model_zoo/bninception/pytorch_load.py", line 78, in forward
    data_dict[op[2]] = getattr(self, op[0])(data_dict[op[-1]])
  File "/home/acq18jg/.conda/envs/jupyter-spark/lib/python3.6/site-packages/torch/nn/modules/module.py", line 532, in __call__
    result = self.forward(*input, **kwargs)
  File "/home/acq18jg/.conda/envs/jupyter-spark/lib/python3.6/site-packages/torch/nn/modules/conv.py", line 345, in forward
    return self.conv2d_forward(input, self.weight)
  File "/home/acq18jg/.conda/envs/jupyter-spark/lib/python3.6/site-packages/torch/nn/modules/conv.py", line 342, in conv2d_forward
    self.padding, self.dilation, self.groups)
RuntimeError: CUDA out of memory. Tried to allocate 98.00 MiB (GPU 0; 11.17 GiB total capacity; 10.76 GiB already allocated; 9.31 MiB free; 10.84 GiB reserved in total by PyTorch)
